Performing C SOURCE FILE Test CMAKE_HAVE_LIBC_PTHREAD failed with the following output:
Change Dir: /home/kaushik/ocrtoc_ws/build/CMakeFiles/CMakeTmp

Run Build Command(s):/usr/bin/make cmTC_501af/fast && /usr/bin/make  -f CMakeFiles/cmTC_501af.dir/build.make CMakeFiles/cmTC_501af.dir/build
make[1]: Entering directory '/home/kaushik/ocrtoc_ws/build/CMakeFiles/CMakeTmp'
Building C object CMakeFiles/cmTC_501af.dir/src.c.o
/usr/bin/cc   -DCMAKE_HAVE_LIBC_PTHREAD   -o CMakeFiles/cmTC_501af.dir/src.c.o   -c /home/kaushik/ocrtoc_ws/build/CMakeFiles/CMakeTmp/src.c
Linking C executable cmTC_501af
/opt/cmake-3.17.2/bin/cmake -E cmake_link_script CMakeFiles/cmTC_501af.dir/link.txt --verbose=1
/usr/bin/cc  -DCMAKE_HAVE_LIBC_PTHREAD    -rdynamic CMakeFiles/cmTC_501af.dir/src.c.o  -o cmTC_501af 
CMakeFiles/cmTC_501af.dir/src.c.o: In function `main':
src.c:(.text+0x3e): undefined reference to `pthread_create'
src.c:(.text+0x4a): undefined reference to `pthread_detach'
src.c:(.text+0x56): undefined reference to `pthread_cancel'
src.c:(.text+0x67): undefined reference to `pthread_join'
src.c:(.text+0x7b): undefined reference to `pthread_atfork'
collect2: error: ld returned 1 exit status
CMakeFiles/cmTC_501af.dir/build.make:106: recipe for target 'cmTC_501af' failed
make[1]: *** [cmTC_501af] Error 1
make[1]: Leaving directory '/home/kaushik/ocrtoc_ws/build/CMakeFiles/CMakeTmp'
Makefile:141: recipe for target 'cmTC_501af/fast' failed
make: *** [cmTC_501af/fast] Error 2


Source file was:
#include <pthread.h>

void* test_func(void* data)
{
  return data;
}

int main(void)
{
  pthread_t thread;
  pthread_create(&thread, NULL, test_func, NULL);
  pthread_detach(thread);
  pthread_cancel(thread);
  pthread_join(thread, NULL);
  pthread_atfork(NULL, NULL, NULL);
  pthread_exit(NULL);

  return 0;
}

Determining if the function pthread_create exists in the pthreads failed with the following output:
Change Dir: /home/kaushik/ocrtoc_ws/build/CMakeFiles/CMakeTmp

Run Build Command(s):/usr/bin/make cmTC_1d698/fast && /usr/bin/make  -f CMakeFiles/cmTC_1d698.dir/build.make CMakeFiles/cmTC_1d698.dir/build
make[1]: Entering directory '/home/kaushik/ocrtoc_ws/build/CMakeFiles/CMakeTmp'
Building C object CMakeFiles/cmTC_1d698.dir/CheckFunctionExists.c.o
/usr/bin/cc   -DCHECK_FUNCTION_EXISTS=pthread_create   -o CMakeFiles/cmTC_1d698.dir/CheckFunctionExists.c.o   -c /opt/cmake-3.17.2/share/cmake-3.17/Modules/CheckFunctionExists.c
Linking C executable cmTC_1d698
/opt/cmake-3.17.2/bin/cmake -E cmake_link_script CMakeFiles/cmTC_1d698.dir/link.txt --verbose=1
/usr/bin/cc  -DCHECK_FUNCTION_EXISTS=pthread_create    -rdynamic CMakeFiles/cmTC_1d698.dir/CheckFunctionExists.c.o  -o cmTC_1d698  -lpthreads 
/usr/bin/ld: cannot find -lpthreads
collect2: error: ld returned 1 exit status
CMakeFiles/cmTC_1d698.dir/build.make:106: recipe for target 'cmTC_1d698' failed
make[1]: *** [cmTC_1d698] Error 1
make[1]: Leaving directory '/home/kaushik/ocrtoc_ws/build/CMakeFiles/CMakeTmp'
Makefile:141: recipe for target 'cmTC_1d698/fast' failed
make: *** [cmTC_1d698/fast] Error 2



Determining if the function sgemm_ exists failed with the following output:
Change Dir: /home/kaushik/ocrtoc_ws/build/CMakeFiles/CMakeTmp

Run Build Command(s):/usr/bin/make cmTC_69f5c/fast && /usr/bin/make  -f CMakeFiles/cmTC_69f5c.dir/build.make CMakeFiles/cmTC_69f5c.dir/build
make[1]: Entering directory '/home/kaushik/ocrtoc_ws/build/CMakeFiles/CMakeTmp'
Building C object CMakeFiles/cmTC_69f5c.dir/CheckFunctionExists.c.o
/usr/bin/cc   -DCHECK_FUNCTION_EXISTS=sgemm_   -o CMakeFiles/cmTC_69f5c.dir/CheckFunctionExists.c.o   -c /opt/cmake-3.17.2/share/cmake-3.17/Modules/CheckFunctionExists.c
Linking C executable cmTC_69f5c
/opt/cmake-3.17.2/bin/cmake -E cmake_link_script CMakeFiles/cmTC_69f5c.dir/link.txt --verbose=1
/usr/bin/cc  -DCHECK_FUNCTION_EXISTS=sgemm_    -rdynamic CMakeFiles/cmTC_69f5c.dir/CheckFunctionExists.c.o  -o cmTC_69f5c 
CMakeFiles/cmTC_69f5c.dir/CheckFunctionExists.c.o: In function `main':
CheckFunctionExists.c:(.text+0x10): undefined reference to `sgemm_'
collect2: error: ld returned 1 exit status
CMakeFiles/cmTC_69f5c.dir/build.make:106: recipe for target 'cmTC_69f5c' failed
make[1]: *** [cmTC_69f5c] Error 1
make[1]: Leaving directory '/home/kaushik/ocrtoc_ws/build/CMakeFiles/CMakeTmp'
Makefile:141: recipe for target 'cmTC_69f5c/fast' failed
make: *** [cmTC_69f5c/fast] Error 2



Determining if the function cheev_ exists failed with the following output:
Change Dir: /home/kaushik/ocrtoc_ws/build/CMakeFiles/CMakeTmp

Run Build Command(s):/usr/bin/make cmTC_3fbae/fast && /usr/bin/make  -f CMakeFiles/cmTC_3fbae.dir/build.make CMakeFiles/cmTC_3fbae.dir/build
make[1]: Entering directory '/home/kaushik/ocrtoc_ws/build/CMakeFiles/CMakeTmp'
Building C object CMakeFiles/cmTC_3fbae.dir/CheckFunctionExists.c.o
/usr/bin/cc   -DCHECK_FUNCTION_EXISTS=cheev_   -o CMakeFiles/cmTC_3fbae.dir/CheckFunctionExists.c.o   -c /opt/cmake-3.17.2/share/cmake-3.17/Modules/CheckFunctionExists.c
Linking C executable cmTC_3fbae
/opt/cmake-3.17.2/bin/cmake -E cmake_link_script CMakeFiles/cmTC_3fbae.dir/link.txt --verbose=1
/usr/bin/cc  -DCHECK_FUNCTION_EXISTS=cheev_    -rdynamic CMakeFiles/cmTC_3fbae.dir/CheckFunctionExists.c.o  -o cmTC_3fbae  /usr/lib/x86_64-linux-gnu/libblas.so /usr/lib/x86_64-linux-gnu/libf77blas.so /usr/lib/x86_64-linux-gnu/libatlas.so -lpthread -lm -ldl 
CMakeFiles/cmTC_3fbae.dir/CheckFunctionExists.c.o: In function `main':
CheckFunctionExists.c:(.text+0x10): undefined reference to `cheev_'
collect2: error: ld returned 1 exit status
CMakeFiles/cmTC_3fbae.dir/build.make:109: recipe for target 'cmTC_3fbae' failed
make[1]: *** [cmTC_3fbae] Error 1
make[1]: Leaving directory '/home/kaushik/ocrtoc_ws/build/CMakeFiles/CMakeTmp'
Makefile:141: recipe for target 'cmTC_3fbae/fast' failed
make: *** [cmTC_3fbae/fast] Error 2



